<?xml version="1.0" encoding="UTF-8"?>
<testsuites name="Mocha Tests" time="8.534" tests="8" failures="0">
  <testsuite name="Root Suite" timestamp="2026-04-30T06:13:40" tests="0" file="cypress\e2e\login.cy.js" time="0.000" failures="0">
  </testsuite>
  <testsuite name="Login" timestamp="2026-04-30T06:13:40" tests="8" time="8.527" failures="0">
    <testcase name="Login Realizar login sem preencher senha" time="1.118" classname="Realizar login sem preencher senha">
    </testcase>
    <testcase name="Login Realizar login sem preencher email" time="0.515" classname="Realizar login sem preencher email">
    </testcase>
    <testcase name="Login Realizar login sem preencher nenhum campo" time="0.279" classname="Realizar login sem preencher nenhum campo">
    </testcase>
    <testcase name="Login Realizar login com credenciais invalidas" time="1.359" classname="Realizar login com credenciais invalidas">
    </testcase>
    <testcase name="Login Realizar login com senha errada" time="1.097" classname="Realizar login com senha errada">
    </testcase>
    <testcase name="Login Realizar login com email inexistente e senha no banco" time="1.266" classname="Realizar login com email inexistente e senha no banco">
    </testcase>
    <testcase name="Login Realizar login com cliente inativo" time="1.096" classname="Realizar login com cliente inativo">
    </testcase>
    <testcase name="Login Realizar login com sucesso" time="1.150" classname="Realizar login com sucesso">
    </testcase>
  </testsuite>
</testsuites>